# am version 12.0 (build date Jun  9 2022 16:09:52)

# run time 0.226 s
# dcache hit: 267  miss: 3  discard: 3

f 0 GHz  1000 GHz  10 MHz
output f GHz  tx none  Trj K

tol 0.0001
selfbroad_vmr_tol 0.003

geometry plane-parallel
refract none
za 51 deg
PTmode Pbase Tbase

g 980.665 cm*s^-2
dg_dz 0 s^-2

Nscale troposphere h2o 0.8087643828

T0 2.7 K

layer mesosphere
# P 0.1 mbar
# T 218.4 K
# dP 0.1 mbar
Pbase 0.1 mbar
Tbase 218.4 K
Mair 28.964 h2o o3  (28.964)
lineshape Voigt-Kielkopf ch4 co co2 h2o_lines n2o o2_coupled o2_uncoupled o3
column dry_air hydrostatic (0.999992)  (2.12016e+21 cm^-2)
! Warning: Column included 5437 unresolved lines.
column h2o hydrostatic 6.49e-06  (1.376e+16 cm^-2)
! Warning: Column included 870 unresolved lines.
column o3 hydrostatic 1.73e-06  (3.66791e+15 cm^-2)
! Warning: Column included 32257 unresolved lines.

layer mesosphere
# P 0.2 mbar
# T 232.659 K
# dP 0.2 mbar
Pbase 0.3 mbar
Tbase 241 K
Mair 28.964 h2o o3  (28.964)
lineshape Voigt-Kielkopf ch4 co co2 h2o_lines n2o o2_coupled o2_uncoupled o3
column dry_air hydrostatic (0.999992)  (4.24032e+21 cm^-2)
! Warning: Column included 5437 unresolved lines.
column h2o hydrostatic 6.62e-06  (2.80712e+16 cm^-2)
! Warning: Column included 870 unresolved lines.
column o3 hydrostatic 1.64e-06  (6.95418e+15 cm^-2)
! Warning: Column included 32257 unresolved lines.

layer mesosphere
# P 0.35 mbar
# T 244.376 K
# dP 0.1 mbar
Pbase 0.4 mbar
Tbase 247.3 K
Mair 28.964 h2o o3  (28.964)
lineshape Voigt-Kielkopf ch4 co co2 h2o_lines n2o o2_coupled o2_uncoupled o3
column dry_air hydrostatic (0.999992)  (2.12016e+21 cm^-2)
! Warning: Column included 5437 unresolved lines.
column h2o hydrostatic 6.74e-06  (1.429e+16 cm^-2)
! Warning: Column included 870 unresolved lines.
column o3 hydrostatic 1.62e-06  (3.43469e+15 cm^-2)
! Warning: Column included 32257 unresolved lines.

layer mesosphere
# P 0.45 mbar
# T 250.203 K
# dP 0.1 mbar
Pbase 0.5 mbar
Tbase 252.8 K
Mair 28.964 h2o o3  (28.964)
lineshape Voigt-Kielkopf ch4 co co2 h2o_lines n2o o2_coupled o2_uncoupled o3
column dry_air hydrostatic (0.999991)  (2.12016e+21 cm^-2)
! Warning: Column included 5437 unresolved lines.
column h2o hydrostatic 6.72e-06  (1.42476e+16 cm^-2)
! Warning: Column included 870 unresolved lines.
column o3 hydrostatic 1.81e-06  (3.83752e+15 cm^-2)
! Warning: Column included 32257 unresolved lines.

layer mesosphere
# P 0.6 mbar
# T 256.972 K
# dP 0.2 mbar
Pbase 0.7 mbar
Tbase 260.5 K
Mair 28.964 h2o o3  (28.964)
lineshape Voigt-Kielkopf ch4 co co2 h2o_lines n2o o2_coupled o2_uncoupled o3
column dry_air hydrostatic (0.999991)  (4.24032e+21 cm^-2)
! Warning: Column included 5437 unresolved lines.
column h2o hydrostatic 6.67e-06  (2.82832e+16 cm^-2)
! Warning: Column included 870 unresolved lines.
column o3 hydrostatic 2.12e-06  (8.98955e+15 cm^-2)
! Warning: Column included 32257 unresolved lines.

layer stratosphere
# P 0.85 mbar
# T 262.024 K
# dP 0.3 mbar
Pbase 1 mbar
Tbase 263.3 K
Mair 28.964 h2o o3  (28.964)
lineshape Voigt-Kielkopf ch4 co co2 h2o_lines n2o o2_coupled o2_uncoupled o3
column dry_air hydrostatic (0.999991)  (6.36047e+21 cm^-2)
! Warning: Column included 5437 unresolved lines.
column h2o hydrostatic 6.57e-06  (4.17887e+16 cm^-2)
! Warning: Column included 870 unresolved lines.
column o3 hydrostatic 2.66e-06  (1.6919e+16 cm^-2)
! Warning: Column included 32257 unresolved lines.

layer stratosphere
# P 1.5 mbar
# T 257.626 K
# dP 1 mbar
Pbase 2 mbar
Tbase 253.6 K
Mair 28.964 h2o o3  (28.964)
lineshape Gross ch4 co co2 n2o o2_uncoupled o3
lineshape VVW_coupled o2_coupled
lineshape VVH_750 h2o_lines
column dry_air hydrostatic (0.99999)  (2.12015e+22 cm^-2)
! Warning: Column included 5437 unresolved lines.
column h2o hydrostatic 6.3e-06  (1.33571e+17 cm^-2)
! Warning: Column included 870 unresolved lines.
column o3 hydrostatic 3.99e-06  (8.4595e+16 cm^-2)
! Warning: Column included 32257 unresolved lines.

layer stratosphere
# P 2.5 mbar
# T 249.472 K
# dP 1 mbar
Pbase 3 mbar
Tbase 246.1 K
Mair 28.964 h2o o3  (28.964)
lineshape Gross ch4 co co2 n2o o2_uncoupled o3
lineshape VVW_coupled o2_coupled
lineshape VVH_750 h2o_lines
column dry_air hydrostatic (0.999988)  (2.12015e+22 cm^-2)
! Warning: Column included 5437 unresolved lines.
column h2o hydrostatic 5.91e-06  (1.25302e+17 cm^-2)
! Warning: Column included 870 unresolved lines.
column o3 hydrostatic 5.83e-06  (1.23606e+17 cm^-2)
! Warning: Column included 32257 unresolved lines.

layer stratosphere
# P 3.5 mbar
# T 243.849 K
# dP 1 mbar
Pbase 4 mbar
Tbase 241.9 K
Mair 28.964 h2o o3  (28.9641)
lineshape Gross ch4 co co2 n2o o2_uncoupled o3
lineshape VVW_coupled o2_coupled
lineshape VVH_750 h2o_lines
column dry_air hydrostatic (0.999987)  (2.12014e+22 cm^-2)
! Warning: Column included 5188 unresolved lines.
column h2o hydrostatic 5.6e-06  (1.18729e+17 cm^-2)
! Warning: Column included 592 unresolved lines.
column o3 hydrostatic 7.19e-06  (1.5244e+17 cm^-2)
! Warning: Column included 28766 unresolved lines.

layer stratosphere
# P 4.5 mbar
# T 240 K
# dP 1 mbar
Pbase 5 mbar
Tbase 238.3 K
Mair 28.964 h2o o3  (28.9641)
lineshape Gross ch4 co co2 n2o o2_uncoupled o3
lineshape VVW_coupled o2_coupled
lineshape VVH_750 h2o_lines
column dry_air hydrostatic (0.999987)  (2.12014e+22 cm^-2)
! Warning: Column included 3418 unresolved lines.
column h2o hydrostatic 5.38e-06  (1.14065e+17 cm^-2)
! Warning: Column included 325 unresolved lines.
column o3 hydrostatic 8.01e-06  (1.69825e+17 cm^-2)

layer stratosphere
# P 6 mbar
# T 235.157 K
# dP 2 mbar
Pbase 7 mbar
Tbase 232.5 K
Mair 28.964 h2o o3  (28.9641)
lineshape Gross ch4 co co2 n2o o2_uncoupled o3
lineshape VVW_coupled o2_coupled
lineshape VVH_750 h2o_lines
column dry_air hydrostatic (0.999986)  (4.24028e+22 cm^-2)
! Warning: Column included 2120 unresolved lines.
column h2o hydrostatic 5.16e-06  (2.18801e+17 cm^-2)
! Warning: Column included 161 unresolved lines.
column o3 hydrostatic 8.52e-06  (3.61276e+17 cm^-2)

layer stratosphere
# P 8.5 mbar
# T 230.05 K
# dP 3 mbar
Pbase 10 mbar
Tbase 228 K
Mair 28.964 h2o o3  (28.9641)
lineshape Gross ch4 co co2 n2o o2_uncoupled o3
lineshape VVW_coupled o2_coupled
lineshape VVH_750 h2o_lines
column dry_air hydrostatic (0.999986)  (6.36041e+22 cm^-2)
! Warning: Column included 12 unresolved lines.
column h2o hydrostatic 4.93e-06  (3.13573e+17 cm^-2)
! Warning: Column included 75 unresolved lines.
column o3 hydrostatic 8.74e-06  (5.55908e+17 cm^-2)

layer stratosphere
# P 15 mbar
# T 223.437 K
# dP 10 mbar
Pbase 20 mbar
Tbase 220.2 K
Mair 28.964 h2o o3  (28.9641)
lineshape Gross ch4 co co2 n2o o2_uncoupled o3
lineshape VVW_coupled o2_coupled
lineshape VVH_750 h2o_lines
column dry_air hydrostatic (0.999988)  (2.12014e+23 cm^-2)
column h2o hydrostatic 4.69e-06  (9.94359e+17 cm^-2)
! Warning: Column included 27 unresolved lines.
column o3 hydrostatic 7.72e-06  (1.63677e+18 cm^-2)

layer stratosphere
# P 25 mbar
# T 217.393 K
# dP 10 mbar
Pbase 30 mbar
Tbase 215.1 K
Mair 28.964 h2o o3  (28.9641)
lineshape Gross ch4 co co2 n2o o2_uncoupled o3
lineshape VVW_coupled o2_coupled
lineshape VVH_750 h2o_lines
column dry_air hydrostatic (0.99999)  (2.12015e+23 cm^-2)
column h2o hydrostatic 4.52e-06  (9.58317e+17 cm^-2)
! Warning: Column included 19 unresolved lines.
column o3 hydrostatic 5.53e-06  (1.17245e+18 cm^-2)

layer stratosphere
# P 35 mbar
# T 212.849 K
# dP 10 mbar
Pbase 40 mbar
Tbase 210.9 K
Mair 28.964 h2o o3  (28.964)
lineshape Gross ch4 co co2 n2o o2_uncoupled o3
lineshape VVW_coupled o2_coupled
lineshape VVH_750 h2o_lines
column dry_air hydrostatic (0.999992)  (2.12016e+23 cm^-2)
column h2o hydrostatic 4.45e-06  (9.43477e+17 cm^-2)
! Warning: Column included 18 unresolved lines.
column o3 hydrostatic 3.51e-06  (7.44181e+17 cm^-2)

layer stratosphere
# P 45 mbar
# T 208.683 K
# dP 10 mbar
Pbase 50 mbar
Tbase 206.7 K
Mair 28.964 h2o o3  (28.964)
lineshape Gross ch4 co co2 n2o o2_uncoupled o3
lineshape VVW_coupled o2_coupled
lineshape VVH_750 h2o_lines
column dry_air hydrostatic (0.999993)  (2.12016e+23 cm^-2)
column h2o hydrostatic 4.37e-06  (9.26517e+17 cm^-2)
column o3 hydrostatic 2.18e-06  (4.62198e+17 cm^-2)

layer stratosphere
# P 60 mbar
# T 201.769 K
# dP 20 mbar
Pbase 70 mbar
Tbase 197.6 K
Mair 28.964 h2o o3  (28.964)
lineshape Gross ch4 co co2 n2o o2_uncoupled o3
lineshape VVW_coupled o2_coupled
lineshape VVH_750 h2o_lines
column dry_air hydrostatic (0.999995)  (4.24033e+23 cm^-2)
column h2o hydrostatic 4.29e-06  (1.81911e+18 cm^-2)
column o3 hydrostatic 1.15e-06  (4.87641e+17 cm^-2)

layer troposphere
# P 85 mbar
# T 196.457 K
# dP 30 mbar
Pbase 100 mbar
Tbase 195.5 K
Mair 28.964 h2o o3  (28.964)
lineshape Gross ch4 co co2 n2o o2_uncoupled o3
lineshape VVW_coupled o2_coupled
lineshape VVH_750 h2o_lines
column dry_air hydrostatic (0.999996)  (6.36051e+23 cm^-2)
column h2o hydrostatic 4.3e-06  (2.73503e+18 cm^-2)  (* 0.808764)
column o3 hydrostatic 3.85e-07  (2.4488e+17 cm^-2)

layer troposphere
# P 125 mbar
# T 201.389 K
# dP 50 mbar
Pbase 150 mbar
Tbase 206.2 K
Mair 28.964 h2o o3  (28.9639)
lineshape Gross ch4 co co2 n2o o2_uncoupled o3
lineshape VVW_coupled o2_coupled
lineshape VVH_750 h2o_lines
column dry_air hydrostatic (0.999994)  (1.06008e+24 cm^-2)
column h2o hydrostatic 7.83e-06  (8.3005e+18 cm^-2)  (* 0.808764)
column o3 hydrostatic 1.14e-07  (1.2085e+17 cm^-2)

layer troposphere
# P 175 mbar
# T 212.576 K
# dP 50 mbar
Pbase 200 mbar
Tbase 218.1 K
Mair 28.964 h2o o3  (28.9638)
lineshape Gross ch4 co co2 n2o o2_uncoupled o3
lineshape VVW_coupled o2_coupled
lineshape VVH_750 h2o_lines
column dry_air hydrostatic (0.999982)  (1.06008e+24 cm^-2)
column h2o hydrostatic 2.26e-05  (2.39581e+19 cm^-2)  (* 0.808764)
column o3 hydrostatic 6.24e-08  (6.61499e+16 cm^-2)

layer troposphere
# P 225 mbar
# T 223.484 K
# dP 50 mbar
Pbase 250 mbar
Tbase 228.3 K
Mair 28.964 h2o o3  (28.9636)
lineshape Gross ch4 co co2 n2o o2_uncoupled o3
lineshape VVW_coupled o2_coupled
lineshape VVH_750 h2o_lines
column dry_air hydrostatic (0.99996)  (1.06006e+24 cm^-2)
column h2o hydrostatic 4.99e-05  (5.28992e+19 cm^-2)  (* 0.808764)
column o3 hydrostatic 5.11e-08  (5.41713e+16 cm^-2)

layer troposphere
# P 275 mbar
# T 233.214 K
# dP 50 mbar
Pbase 300 mbar
Tbase 237.7 K
Mair 28.964 h2o o3  (28.9633)
lineshape Gross ch4 co co2 n2o o2_uncoupled o3
lineshape VVW_coupled o2_coupled
lineshape VVH_750 h2o_lines
column dry_air hydrostatic (0.999936)  (1.06005e+24 cm^-2)
column h2o hydrostatic 7.89e-05  (8.36429e+19 cm^-2)  (* 0.808764)
column o3 hydrostatic 4.81e-08  (5.09914e+16 cm^-2)

layer troposphere
# P 325 mbar
# T 241.854 K
# dP 50 mbar
Pbase 350 mbar
Tbase 245.7 K
Mair 28.964 h2o o3  (28.9631)
lineshape Gross ch4 co co2 n2o o2_uncoupled o3
lineshape VVW_coupled o2_coupled
lineshape VVH_750 h2o_lines
column dry_air hydrostatic (0.999914)  (1.06003e+24 cm^-2)
column h2o hydrostatic 0.000106  (1.12373e+20 cm^-2)  (* 0.808764)
column o3 hydrostatic 4.7e-08  (4.98257e+16 cm^-2)

layer troposphere
# P 375 mbar
# T 249.317 K
# dP 50 mbar
Pbase 400 mbar
Tbase 252.7 K
Mair 28.964 h2o o3  (28.9627)
lineshape Gross ch4 co co2 n2o o2_uncoupled o3
lineshape VVW_coupled o2_coupled
lineshape VVH_750 h2o_lines
column dry_air hydrostatic (0.99988)  (1.06001e+24 cm^-2)
column h2o hydrostatic 0.000148  (1.569e+20 cm^-2)  (* 0.808764)
column o3 hydrostatic 4.63e-08  (4.90843e+16 cm^-2)

layer troposphere
# P 425 mbar
# T 255.891 K
# dP 50 mbar
Pbase 450 mbar
Tbase 258.9 K
Mair 28.964 h2o o3  (28.9621)
lineshape Gross ch4 co co2 n2o o2_uncoupled o3
lineshape VVW_coupled o2_coupled
lineshape VVH_750 h2o_lines
column dry_air hydrostatic (0.999824)  (1.05997e+24 cm^-2)
column h2o hydrostatic 0.000217  (2.30054e+20 cm^-2)  (* 0.808764)
column o3 hydrostatic 4.57e-08  (4.84492e+16 cm^-2)

layer troposphere
# P 475 mbar
# T 261.671 K
# dP 50 mbar
Pbase 500 mbar
Tbase 264.3 K
Mair 28.964 h2o o3  (28.961)
lineshape Gross ch4 co co2 n2o o2_uncoupled o3
lineshape VVW_coupled o2_coupled
lineshape VVH_750 h2o_lines
column dry_air hydrostatic (0.999723)  (1.0599e+24 cm^-2)
column h2o hydrostatic 0.000342  (3.62588e+20 cm^-2)  (* 0.808764)
column o3 hydrostatic 4.48e-08  (4.74969e+16 cm^-2)

layer troposphere
# P 521 mbar
# T 266.493 K
# dP 42 mbar
Pbase 542 mbar (observing level)
Tbase 268.6 K
Mair 28.964 h2o o3  (28.9591)
lineshape Gross ch4 co co2 n2o o2_uncoupled o3
lineshape VVW_coupled o2_coupled
lineshape VVH_750 h2o_lines
column dry_air hydrostatic (0.999556)  (8.90227e+23 cm^-2)
column h2o hydrostatic 0.000549  (4.88952e+20 cm^-2)  (* 0.808764)
column o3 hydrostatic 4.38e-08  (3.90093e+16 cm^-2)

#
# column densities [cm^-2], including scale factors
#
#                           zenith             line-of-sight     
# mesosphere (5 layers):
#                  dry_air  1.484112e+22       2.358277e+22      
#                      h2o  9.865187e+16       1.567594e+17      
#                            (0.0295126 um_pwv) (0.046896 um_pwv) 
#                       o3  2.688385e+16       4.271887e+16      
#                            (1.00059 DU)       (1.58995 DU)      
#
# stratosphere (12 layers):
#                  dry_air  1.469267e+24       2.334689e+24      
#                      h2o  6.707612e+18       1.065850e+19      
#                            (2.00664 um_pwv)   (3.18859 um_pwv)  
#                       o3  5.967814e+18       9.482950e+18      
#                            (222.116 DU)       (352.946 DU)      
#
# troposphere (10 layers):
#                  dry_air  1.000646e+25       1.590042e+25      
#                      h2o  1.231265e+21       1.956500e+21      
#                            (368.344 um_pwv)   (585.305 um_pwv)  
#                       o3  7.709087e+17       1.224986e+18      
#                            (28.6924 DU)       (45.5928 DU)      
#
# total (27 layers):
#                  dry_air  1.149057e+25       1.825869e+25      
#                      h2o  1.238071e+21       1.967315e+21      
#                            (370.381 um_pwv)   (588.541 um_pwv)  
#                       o3  6.765606e+18       1.075065e+19      
#                            (251.809 DU)       (400.129 DU)      
#

! Warning: Encountered in-band lines narrower than the frequency
!          grid spacing.  The output configuration data includes
!          the unresolved line count after each column definition
!          for which this occurred.  Count: 87

